Loading config configs/cityscapes/semantic-segmentation/Base-Cityscapes-SemanticSegmentation.yaml with yaml.unsafe_load. Your machine may be at risk if the file contains malicious content.
Command Line Args: Namespace(config_file='configs/cityscapes/semantic-segmentation/maskformer2_R50_bs16_90k.yaml', dist_url='tcp://127.0.0.1:50347', eval_only=False, machine_rank=0, num_gpus=1, num_machines=1, opts=[], resume=True)
[02/28 02:10:15 detectron2]: Rank of current process: 0. World size: 1
[02/28 02:10:16 detectron2]: Environment info:
-------------------------------  ----------------------------------------------------------------------------------
sys.platform                     linux
Python                           3.8.10 (default, Nov 22 2023, 10:22:35) [GCC 9.4.0]
numpy                            1.24.4
detectron2                       0.6 @/cpfs01/projects-HDD/pujianxiangmuzu_HDD/mr_22210240239/detectron2/detectron2
Compiler                         GCC 11.4
CUDA compiler                    CUDA 11.7
detectron2 arch flags            8.0
DETECTRON2_ENV_MODULE            <not set>
PyTorch                          2.0.1+cu117 @/usr/local/lib/python3.8/dist-packages/torch
PyTorch debug build              False
torch._C._GLIBCXX_USE_CXX11_ABI  False
GPU available                    Yes
GPU 0                            NVIDIA A100-SXM4-80GB (arch=8.0)
Driver version                   470.199.02
CUDA_HOME                        /usr/local/cuda
Pillow                           10.2.0
torchvision                      0.15.2+cu117 @/usr/local/lib/python3.8/dist-packages/torchvision
torchvision arch flags           3.5, 5.0, 6.0, 7.0, 7.5, 8.0, 8.6
fvcore                           0.1.5.post20221221
iopath                           0.1.9
cv2                              4.9.0
-------------------------------  ----------------------------------------------------------------------------------
PyTorch built with:
  - GCC 9.3
  - C++ Version: 201703
  - Intel(R) oneAPI Math Kernel Library Version 2022.2-Product Build 20220804 for Intel(R) 64 architecture applications
  - Intel(R) MKL-DNN v2.7.3 (Git Hash 6dbeffbae1f23cbbeae17adb7b5b13f1f37c080e)
  - OpenMP 201511 (a.k.a. OpenMP 4.5)
  - LAPACK is enabled (usually provided by MKL)
  - NNPACK is enabled
  - CPU capability usage: AVX2
  - CUDA Runtime 11.7
  - NVCC architecture flags: -gencode;arch=compute_37,code=sm_37;-gencode;arch=compute_50,code=sm_50;-gencode;arch=compute_60,code=sm_60;-gencode;arch=compute_70,code=sm_70;-gencode;arch=compute_75,code=sm_75;-gencode;arch=compute_80,code=sm_80;-gencode;arch=compute_86,code=sm_86
  - CuDNN 8.5
  - Magma 2.6.1
  - Build settings: BLAS_INFO=mkl, BUILD_TYPE=Release, CUDA_VERSION=11.7, CUDNN_VERSION=8.5.0, CXX_COMPILER=/opt/rh/devtoolset-9/root/usr/bin/c++, CXX_FLAGS= -D_GLIBCXX_USE_CXX11_ABI=0 -fabi-version=11 -Wno-deprecated -fvisibility-inlines-hidden -DUSE_PTHREADPOOL -DNDEBUG -DUSE_KINETO -DLIBKINETO_NOROCTRACER -DUSE_FBGEMM -DUSE_QNNPACK -DUSE_PYTORCH_QNNPACK -DUSE_XNNPACK -DSYMBOLICATE_MOBILE_DEBUG_HANDLE -O2 -fPIC -Wall -Wextra -Werror=return-type -Werror=non-virtual-dtor -Werror=bool-operation -Wnarrowing -Wno-missing-field-initializers -Wno-type-limits -Wno-array-bounds -Wno-unknown-pragmas -Wunused-local-typedefs -Wno-unused-parameter -Wno-unused-function -Wno-unused-result -Wno-strict-overflow -Wno-strict-aliasing -Wno-error=deprecated-declarations -Wno-stringop-overflow -Wno-psabi -Wno-error=pedantic -Wno-error=redundant-decls -Wno-error=old-style-cast -fdiagnostics-color=always -faligned-new -Wno-unused-but-set-variable -Wno-maybe-uninitialized -fno-math-errno -fno-trapping-math -Werror=format -Werror=cast-function-type -Wno-stringop-overflow, LAPACK_INFO=mkl, PERF_WITH_AVX=1, PERF_WITH_AVX2=1, PERF_WITH_AVX512=1, TORCH_DISABLE_GPU_ASSERTS=ON, TORCH_VERSION=2.0.1, USE_CUDA=ON, USE_CUDNN=ON, USE_EXCEPTION_PTR=1, USE_GFLAGS=OFF, USE_GLOG=OFF, USE_MKL=ON, USE_MKLDNN=ON, USE_MPI=OFF, USE_NCCL=1, USE_NNPACK=ON, USE_OPENMP=ON, USE_ROCM=OFF, 

[02/28 02:10:16 detectron2]: Command line arguments: Namespace(config_file='configs/cityscapes/semantic-segmentation/maskformer2_R50_bs16_90k.yaml', dist_url='tcp://127.0.0.1:50347', eval_only=False, machine_rank=0, num_gpus=1, num_machines=1, opts=[], resume=True)
[02/28 02:10:16 detectron2]: Contents of args.config_file=configs/cityscapes/semantic-segmentation/maskformer2_R50_bs16_90k.yaml:
[38;5;197m_BASE_[39m[38;5;15m:[39m[38;5;15m [39mBase-Cityscapes-SemanticSegmentation.yaml
[38;5;197mMODEL[39m[38;5;15m:[39m
[38;5;15m  [39m[38;5;197mMETA_ARCHITECTURE[39m[38;5;15m:[39m[38;5;15m [39m[38;5;186m"[39m[38;5;186mMaskFormer[39m[38;5;186m"[39m
[38;5;15m  [39m[38;5;197mSEM_SEG_HEAD[39m[38;5;15m:[39m
[38;5;15m    [39m[38;5;197mNAME[39m[38;5;15m:[39m[38;5;15m [39m[38;5;186m"[39m[38;5;186mMaskFormerHead[39m[38;5;186m"[39m
[38;5;15m    [39m[38;5;197mIGNORE_VALUE[39m[38;5;15m:[39m[38;5;15m [39m255
[38;5;15m    [39m[38;5;197mNUM_CLASSES[39m[38;5;15m:[39m[38;5;15m [39m19
[38;5;15m    [39m[38;5;197mLOSS_WEIGHT[39m[38;5;15m:[39m[38;5;15m [39m1.0
[38;5;15m    [39m[38;5;197mCONVS_DIM[39m[38;5;15m:[39m[38;5;15m [39m256
[38;5;15m    [39m[38;5;197mMASK_DIM[39m[38;5;15m:[39m[38;5;15m [39m256
[38;5;15m    [39m[38;5;197mNORM[39m[38;5;15m:[39m[38;5;15m [39m[38;5;186m"[39m[38;5;186mGN[39m[38;5;186m"[39m
[38;5;15m    [39m[38;5;242m# pixel decoder[39m
[38;5;15m    [39m[38;5;197mPIXEL_DECODER_NAME[39m[38;5;15m:[39m[38;5;15m [39m[38;5;186m"[39m[38;5;186mMSDeformAttnPixelDecoder[39m[38;5;186m"[39m
[38;5;15m    [39m[38;5;197mIN_FEATURES[39m[38;5;15m:[39m[38;5;15m [39m[[38;5;186m"[39m[38;5;186mres2[39m[38;5;186m"[39m,[38;5;15m [39m[38;5;186m"[39m[38;5;186mres3[39m[38;5;186m"[39m,[38;5;15m [39m[38;5;186m"[39m[38;5;186mres4[39m[38;5;186m"[39m,[38;5;15m [39m[38;5;186m"[39m[38;5;186mres5[39m[38;5;186m"[39m]
[38;5;15m    [39m[38;5;197mDEFORMABLE_TRANSFORMER_ENCODER_IN_FEATURES[39m[38;5;15m:[39m[38;5;15m [39m[[38;5;186m"[39m[38;5;186mres3[39m[38;5;186m"[39m,[38;5;15m [39m[38;5;186m"[39m[38;5;186mres4[39m[38;5;186m"[39m,[38;5;15m [39m[38;5;186m"[39m[38;5;186mres5[39m[38;5;186m"[39m]
[38;5;15m    [39m[38;5;197mCOMMON_STRIDE[39m[38;5;15m:[39m[38;5;15m [39m4
[38;5;15m    [39m[38;5;197mTRANSFORMER_ENC_LAYERS[39m[38;5;15m:[39m[38;5;15m [39m6
[38;5;15m  [39m[38;5;197mMASK_FORMER[39m[38;5;15m:[39m
[38;5;15m    [39m[38;5;197mTRANSFORMER_DECODER_NAME[39m[38;5;15m:[39m[38;5;15m [39m[38;5;186m"[39m[38;5;186mMultiScaleMaskedTransformerDecoder[39m[38;5;186m"[39m
[38;5;15m    [39m[38;5;197mTRANSFORMER_IN_FEATURE[39m[38;5;15m:[39m[38;5;15m [39m[38;5;186m"[39m[38;5;186mmulti_scale_pixel_decoder[39m[38;5;186m"[39m
[38;5;15m    [39m[38;5;197mDEEP_SUPERVISION[39m[38;5;15m:[39m[38;5;15m [39mTrue
[38;5;15m    [39m[38;5;197mNO_OBJECT_WEIGHT[39m[38;5;15m:[39m[38;5;15m [39m0.1
[38;5;15m    [39m[38;5;197mCLASS_WEIGHT[39m[38;5;15m:[39m[38;5;15m [39m2.0
[38;5;15m    [39m[38;5;197mMASK_WEIGHT[39m[38;5;15m:[39m[38;5;15m [39m5.0
[38;5;15m    [39m[38;5;197mDICE_WEIGHT[39m[38;5;15m:[39m[38;5;15m [39m5.0
[38;5;15m    [39m[38;5;197mHIDDEN_DIM[39m[38;5;15m:[39m[38;5;15m [39m256
[38;5;15m    [39m[38;5;197mNUM_OBJECT_QUERIES[39m[38;5;15m:[39m[38;5;15m [39m100
[38;5;15m    [39m[38;5;197mNHEADS[39m[38;5;15m:[39m[38;5;15m [39m8
[38;5;15m    [39m[38;5;197mDROPOUT[39m[38;5;15m:[39m[38;5;15m [39m0.0
[38;5;15m    [39m[38;5;197mDIM_FEEDFORWARD[39m[38;5;15m:[39m[38;5;15m [39m2048
[38;5;15m    [39m[38;5;197mENC_LAYERS[39m[38;5;15m:[39m[38;5;15m [39m0
[38;5;15m    [39m[38;5;197mPRE_NORM[39m[38;5;15m:[39m[38;5;15m [39mFalse
[38;5;15m    [39m[38;5;197mENFORCE_INPUT_PROJ[39m[38;5;15m:[39m[38;5;15m [39mFalse
[38;5;15m    [39m[38;5;197mSIZE_DIVISIBILITY[39m[38;5;15m:[39m[38;5;15m [39m32
[38;5;15m    [39m[38;5;197mDEC_LAYERS[39m[38;5;15m:[39m[38;5;15m [39m10[38;5;15m  [39m[38;5;242m# 9 decoder layers, add one for the loss on learnable query[39m
[38;5;15m    [39m[38;5;197mTRAIN_NUM_POINTS[39m[38;5;15m:[39m[38;5;15m [39m12544
[38;5;15m    [39m[38;5;197mOVERSAMPLE_RATIO[39m[38;5;15m:[39m[38;5;15m [39m3.0
[38;5;15m    [39m[38;5;197mIMPORTANCE_SAMPLE_RATIO[39m[38;5;15m:[39m[38;5;15m [39m0.75
[38;5;15m    [39m[38;5;197mTEST[39m[38;5;15m:[39m
[38;5;15m      [39m[38;5;197mSEMANTIC_ON[39m[38;5;15m:[39m[38;5;15m [39mTrue
[38;5;15m      [39m[38;5;197mINSTANCE_ON[39m[38;5;15m:[39m[38;5;15m [39mFalse
[38;5;15m      [39m[38;5;197mPANOPTIC_ON[39m[38;5;15m:[39m[38;5;15m [39mFalse
[38;5;15m      [39m[38;5;197mOVERLAP_THRESHOLD[39m[38;5;15m:[39m[38;5;15m [39m0.8
[38;5;15m      [39m[38;5;197mOBJECT_MASK_THRESHOLD[39m[38;5;15m:[39m[38;5;15m [39m0.8

[02/28 02:10:16 detectron2]: Running with full config:
[38;5;197mCUDNN_BENCHMARK[39m[38;5;15m:[39m[38;5;15m [39mfalse
[38;5;197mDATALOADER[39m[38;5;15m:[39m
[38;5;15m  [39m[38;5;197mASPECT_RATIO_GROUPING[39m[38;5;15m:[39m[38;5;15m [39mtrue
[38;5;15m  [39m[38;5;197mFILTER_EMPTY_ANNOTATIONS[39m[38;5;15m:[39m[38;5;15m [39mtrue
[38;5;15m  [39m[38;5;197mNUM_WORKERS[39m[38;5;15m:[39m[38;5;15m [39m4
[38;5;15m  [39m[38;5;197mREPEAT_THRESHOLD[39m[38;5;15m:[39m[38;5;15m [39m0.0
[38;5;15m  [39m[38;5;197mSAMPLER_TRAIN[39m[38;5;15m:[39m[38;5;15m [39mTrainingSampler
[38;5;197mDATASETS[39m[38;5;15m:[39m
[38;5;15m  [39m[38;5;197mPRECOMPUTED_PROPOSAL_TOPK_TEST[39m[38;5;15m:[39m[38;5;15m [39m1000
[38;5;15m  [39m[38;5;197mPRECOMPUTED_PROPOSAL_TOPK_TRAIN[39m[38;5;15m:[39m[38;5;15m [39m2000
[38;5;15m  [39m[38;5;197mPROPOSAL_FILES_TEST[39m[38;5;15m:[39m[38;5;15m [39m[]
[38;5;15m  [39m[38;5;197mPROPOSAL_FILES_TRAIN[39m[38;5;15m:[39m[38;5;15m [39m[]
[38;5;15m  [39m[38;5;197mTEST[39m[38;5;15m:[39m
[38;5;15m  [39m-[38;5;15m [39mcityscapes_fine_sem_seg_val
[38;5;15m  [39m[38;5;197mTRAIN[39m[38;5;15m:[39m
[38;5;15m  [39m-[38;5;15m [39mcityscapes_fine_sem_seg_train
[38;5;197mGLOBAL[39m[38;5;15m:[39m
[38;5;15m  [39m[38;5;197mHACK[39m[38;5;15m:[39m[38;5;15m [39m1.0
[38;5;197mINPUT[39m[38;5;15m:[39m
[38;5;15m  [39m[38;5;197mCOLOR_AUG_SSD[39m[38;5;15m:[39m[38;5;15m [39mtrue
[38;5;15m  [39m[38;5;197mCROP[39m[38;5;15m:[39m
[38;5;15m    [39m[38;5;197mENABLED[39m[38;5;15m:[39m[38;5;15m [39mtrue
[38;5;15m    [39m[38;5;197mSINGLE_CATEGORY_MAX_AREA[39m[38;5;15m:[39m[38;5;15m [39m1.0
[38;5;15m    [39m[38;5;197mSIZE[39m[38;5;15m:[39m
[38;5;15m    [39m-[38;5;15m [39m768
[38;5;15m    [39m-[38;5;15m [39m768
[38;5;15m    [39m[38;5;197mTYPE[39m[38;5;15m:[39m[38;5;15m [39mabsolute
[38;5;15m  [39m[38;5;197mDATASET_MAPPER_NAME[39m[38;5;15m:[39m[38;5;15m [39mmask_former_semantic
[38;5;15m  [39m[38;5;197mFORMAT[39m[38;5;15m:[39m[38;5;15m [39mRGB
[38;5;15m  [39m[38;5;197mIMAGE_SIZE[39m[38;5;15m:[39m[38;5;15m [39m1024
[38;5;15m  [39m[38;5;197mMASK_FORMAT[39m[38;5;15m:[39m[38;5;15m [39mpolygon
[38;5;15m  [39m[38;5;197mMAX_SCALE[39m[38;5;15m:[39m[38;5;15m [39m2.0
[38;5;15m  [39m[38;5;197mMAX_SIZE_TEST[39m[38;5;15m:[39m[38;5;15m [39m2048
[38;5;15m  [39m[38;5;197mMAX_SIZE_TRAIN[39m[38;5;15m:[39m[38;5;15m [39m4096
[38;5;15m  [39m[38;5;197mMIN_SCALE[39m[38;5;15m:[39m[38;5;15m [39m0.1
[38;5;15m  [39m[38;5;197mMIN_SIZE_TEST[39m[38;5;15m:[39m[38;5;15m [39m1024
[38;5;15m  [39m[38;5;197mMIN_SIZE_TRAIN[39m[38;5;15m:[39m
[38;5;15m  [39m-[38;5;15m [39m512
[38;5;15m  [39m-[38;5;15m [39m614
[38;5;15m  [39m-[38;5;15m [39m716
[38;5;15m  [39m-[38;5;15m [39m819
[38;5;15m  [39m-[38;5;15m [39m921
[38;5;15m  [39m-[38;5;15m [39m1024
[38;5;15m  [39m-[38;5;15m [39m1126
[38;5;15m  [39m-[38;5;15m [39m1228
[38;5;15m  [39m-[38;5;15m [39m1331
[38;5;15m  [39m-[38;5;15m [39m1433
[38;5;15m  [39m-[38;5;15m [39m1536
[38;5;15m  [39m-[38;5;15m [39m1638
[38;5;15m  [39m-[38;5;15m [39m1740
[38;5;15m  [39m-[38;5;15m [39m1843
[38;5;15m  [39m-[38;5;15m [39m1945
[38;5;15m  [39m-[38;5;15m [39m2048
[38;5;15m  [39m[38;5;197mMIN_SIZE_TRAIN_SAMPLING[39m[38;5;15m:[39m[38;5;15m [39mchoice
[38;5;15m  [39m[38;5;197mRANDOM_FLIP[39m[38;5;15m:[39m[38;5;15m [39mhorizontal
[38;5;15m  [39m[38;5;197mSIZE_DIVISIBILITY[39m[38;5;15m:[39m[38;5;15m [39m-1
[38;5;197mMODEL[39m[38;5;15m:[39m
[38;5;15m  [39m[38;5;197mANCHOR_GENERATOR[39m[38;5;15m:[39m
[38;5;15m    [39m[38;5;197mANGLES[39m[38;5;15m:[39m
[38;5;15m    [39m-[38;5;15m [39m-[38;5;15m [39m-90
[38;5;15m      [39m-[38;5;15m [39m0
[38;5;15m      [39m-[38;5;15m [39m90
[38;5;15m    [39m[38;5;197mASPECT_RATIOS[39m[38;5;15m:[39m
[38;5;15m    [39m-[38;5;15m [39m-[38;5;15m [39m0.5
[38;5;15m      [39m-[38;5;15m [39m1.0
[38;5;15m      [39m-[38;5;15m [39m2.0
[38;5;15m    [39m[38;5;197mNAME[39m[38;5;15m:[39m[38;5;15m [39mDefaultAnchorGenerator
[38;5;15m    [39m[38;5;197mOFFSET[39m[38;5;15m:[39m[38;5;15m [39m0.0
[38;5;15m    [39m[38;5;197mSIZES[39m[38;5;15m:[39m
[38;5;15m    [39m-[38;5;15m [39m-[38;5;15m [39m32
[38;5;15m      [39m-[38;5;15m [39m64
[38;5;15m      [39m-[38;5;15m [39m128
[38;5;15m      [39m-[38;5;15m [39m256
[38;5;15m      [39m-[38;5;15m [39m512
[38;5;15m  [39m[38;5;197mBACKBONE[39m[38;5;15m:[39m
[38;5;15m    [39m[38;5;197mFREEZE_AT[39m[38;5;15m:[39m[38;5;15m [39m0
[38;5;15m    [39m[38;5;197mNAME[39m[38;5;15m:[39m[38;5;15m [39mbuild_resnet_backbone
[38;5;15m  [39m[38;5;197mDEVICE[39m[38;5;15m:[39m[38;5;15m [39mcuda
[38;5;15m  [39m[38;5;197mFPN[39m[38;5;15m:[39m
[38;5;15m    [39m[38;5;197mFUSE_TYPE[39m[38;5;15m:[39m[38;5;15m [39msum
[38;5;15m    [39m[38;5;197mIN_FEATURES[39m[38;5;15m:[39m[38;5;15m [39m[]
[38;5;15m    [39m[38;5;197mNORM[39m[38;5;15m:[39m[38;5;15m [39m[38;5;186m'[39m[38;5;186m'[39m
[38;5;15m    [39m[38;5;197mOUT_CHANNELS[39m[38;5;15m:[39m[38;5;15m [39m256
[38;5;15m  [39m[38;5;197mKEYPOINT_ON[39m[38;5;15m:[39m[38;5;15m [39mfalse
[38;5;15m  [39m[38;5;197mLOAD_PROPOSALS[39m[38;5;15m:[39m[38;5;15m [39mfalse
[38;5;15m  [39m[38;5;197mMASK_FORMER[39m[38;5;15m:[39m
[38;5;15m    [39m[38;5;197mCLASS_WEIGHT[39m[38;5;15m:[39m[38;5;15m [39m2.0
[38;5;15m    [39m[38;5;197mDEC_LAYERS[39m[38;5;15m:[39m[38;5;15m [39m10
[38;5;15m    [39m[38;5;197mDEEP_SUPERVISION[39m[38;5;15m:[39m[38;5;15m [39mtrue
[38;5;15m    [39m[38;5;197mDICE_WEIGHT[39m[38;5;15m:[39m[38;5;15m [39m5.0
[38;5;15m    [39m[38;5;197mDIM_FEEDFORWARD[39m[38;5;15m:[39m[38;5;15m [39m2048
[38;5;15m    [39m[38;5;197mDROPOUT[39m[38;5;15m:[39m[38;5;15m [39m0.0
[38;5;15m    [39m[38;5;197mENC_LAYERS[39m[38;5;15m:[39m[38;5;15m [39m0
[38;5;15m    [39m[38;5;197mENFORCE_INPUT_PROJ[39m[38;5;15m:[39m[38;5;15m [39mfalse
[38;5;15m    [39m[38;5;197mHIDDEN_DIM[39m[38;5;15m:[39m[38;5;15m [39m256
[38;5;15m    [39m[38;5;197mIMPORTANCE_SAMPLE_RATIO[39m[38;5;15m:[39m[38;5;15m [39m0.75
[38;5;15m    [39m[38;5;197mMASK_WEIGHT[39m[38;5;15m:[39m[38;5;15m [39m5.0
[38;5;15m    [39m[38;5;197mNHEADS[39m[38;5;15m:[39m[38;5;15m [39m8
[38;5;15m    [39m[38;5;197mNO_OBJECT_WEIGHT[39m[38;5;15m:[39m[38;5;15m [39m0.1
[38;5;15m    [39m[38;5;197mNUM_OBJECT_QUERIES[39m[38;5;15m:[39m[38;5;15m [39m100
[38;5;15m    [39m[38;5;197mOVERSAMPLE_RATIO[39m[38;5;15m:[39m[38;5;15m [39m3.0
[38;5;15m    [39m[38;5;197mPRE_NORM[39m[38;5;15m:[39m[38;5;15m [39mfalse
[38;5;15m    [39m[38;5;197mSIZE_DIVISIBILITY[39m[38;5;15m:[39m[38;5;15m [39m32
[38;5;15m    [39m[38;5;197mTEST[39m[38;5;15m:[39m
[38;5;15m      [39m[38;5;197mINSTANCE_ON[39m[38;5;15m:[39m[38;5;15m [39mfalse
[38;5;15m      [39m[38;5;197mOBJECT_MASK_THRESHOLD[39m[38;5;15m:[39m[38;5;15m [39m0.8
[38;5;15m      [39m[38;5;197mOVERLAP_THRESHOLD[39m[38;5;15m:[39m[38;5;15m [39m0.8
[38;5;15m      [39m[38;5;197mPANOPTIC_ON[39m[38;5;15m:[39m[38;5;15m [39mfalse
[38;5;15m      [39m[38;5;197mSEMANTIC_ON[39m[38;5;15m:[39m[38;5;15m [39mtrue
[38;5;15m      [39m[38;5;197mSEM_SEG_POSTPROCESSING_BEFORE_INFERENCE[39m[38;5;15m:[39m[38;5;15m [39mfalse
[38;5;15m    [39m[38;5;197mTRAIN_NUM_POINTS[39m[38;5;15m:[39m[38;5;15m [39m12544
[38;5;15m    [39m[38;5;197mTRANSFORMER_DECODER_NAME[39m[38;5;15m:[39m[38;5;15m [39mMultiScaleMaskedTransformerDecoder
[38;5;15m    [39m[38;5;197mTRANSFORMER_IN_FEATURE[39m[38;5;15m:[39m[38;5;15m [39mmulti_scale_pixel_decoder
[38;5;15m  [39m[38;5;197mMASK_ON[39m[38;5;15m:[39m[38;5;15m [39mfalse
[38;5;15m  [39m[38;5;197mMETA_ARCHITECTURE[39m[38;5;15m:[39m[38;5;15m [39mMaskFormer
[38;5;15m  [39m[38;5;197mPANOPTIC_FPN[39m[38;5;15m:[39m
[38;5;15m    [39m[38;5;197mCOMBINE[39m[38;5;15m:[39m
[38;5;15m      [39m[38;5;197mENABLED[39m[38;5;15m:[39m[38;5;15m [39mtrue
[38;5;15m      [39m[38;5;197mINSTANCES_CONFIDENCE_THRESH[39m[38;5;15m:[39m[38;5;15m [39m0.5
[38;5;15m      [39m[38;5;197mOVERLAP_THRESH[39m[38;5;15m:[39m[38;5;15m [39m0.5
[38;5;15m      [39m[38;5;197mSTUFF_AREA_LIMIT[39m[38;5;15m:[39m[38;5;15m [39m4096
[38;5;15m    [39m[38;5;197mINSTANCE_LOSS_WEIGHT[39m[38;5;15m:[39m[38;5;15m [39m1.0
[38;5;15m  [39m[38;5;197mPIXEL_MEAN[39m[38;5;15m:[39m
[38;5;15m  [39m-[38;5;15m [39m123.675
[38;5;15m  [39m-[38;5;15m [39m116.28
[38;5;15m  [39m-[38;5;15m [39m103.53
[38;5;15m  [39m[38;5;197mPIXEL_STD[39m[38;5;15m:[39m
[38;5;15m  [39m-[38;5;15m [39m58.395
[38;5;15m  [39m-[38;5;15m [39m57.12
[38;5;15m  [39m-[38;5;15m [39m57.375
[38;5;15m  [39m[38;5;197mPROPOSAL_GENERATOR[39m[38;5;15m:[39m
[38;5;15m    [39m[38;5;197mMIN_SIZE[39m[38;5;15m:[39m[38;5;15m [39m0
[38;5;15m    [39m[38;5;197mNAME[39m[38;5;15m:[39m[38;5;15m [39mRPN
[38;5;15m  [39m[38;5;197mRESNETS[39m[38;5;15m:[39m
[38;5;15m    [39m[38;5;197mDEFORM_MODULATED[39m[38;5;15m:[39m[38;5;15m [39mfalse
[38;5;15m    [39m[38;5;197mDEFORM_NUM_GROUPS[39m[38;5;15m:[39m[38;5;15m [39m1
[38;5;15m    [39m[38;5;197mDEFORM_ON_PER_STAGE[39m[38;5;15m:[39m
[38;5;15m    [39m-[38;5;15m [39mfalse
[38;5;15m    [39m-[38;5;15m [39mfalse
[38;5;15m    [39m-[38;5;15m [39mfalse
[38;5;15m    [39m-[38;5;15m [39mfalse
[38;5;15m    [39m[38;5;197mDEPTH[39m[38;5;15m:[39m[38;5;15m [39m50
[38;5;15m    [39m[38;5;197mNORM[39m[38;5;15m:[39m[38;5;15m [39mBN
[38;5;15m    [39m[38;5;197mNUM_GROUPS[39m[38;5;15m:[39m[38;5;15m [39m1
[38;5;15m    [39m[38;5;197mOUT_FEATURES[39m[38;5;15m:[39m
[38;5;15m    [39m-[38;5;15m [39mres2
[38;5;15m    [39m-[38;5;15m [39mres3
[38;5;15m    [39m-[38;5;15m [39mres4
[38;5;15m    [39m-[38;5;15m [39mres5
[38;5;15m    [39m[38;5;197mRES2_OUT_CHANNELS[39m[38;5;15m:[39m[38;5;15m [39m256
[38;5;15m    [39m[38;5;197mRES4_DILATION[39m[38;5;15m:[39m[38;5;15m [39m1
[38;5;15m    [39m[38;5;197mRES5_DILATION[39m[38;5;15m:[39m[38;5;15m [39m1
[38;5;15m    [39m[38;5;197mRES5_MULTI_GRID[39m[38;5;15m:[39m
[38;5;15m    [39m-[38;5;15m [39m1
[38;5;15m    [39m-[38;5;15m [39m1
[38;5;15m    [39m-[38;5;15m [39m1
[38;5;15m    [39m[38;5;197mSTEM_OUT_CHANNELS[39m[38;5;15m:[39m[38;5;15m [39m64
[38;5;15m    [39m[38;5;197mSTEM_TYPE[39m[38;5;15m:[39m[38;5;15m [39mbasic
[38;5;15m    [39m[38;5;197mSTRIDE_IN_1X1[39m[38;5;15m:[39m[38;5;15m [39mfalse
[38;5;15m    [39m[38;5;197mWIDTH_PER_GROUP[39m[38;5;15m:[39m[38;5;15m [39m64
[38;5;15m  [39m[38;5;197mRETINANET[39m[38;5;15m:[39m
[38;5;15m    [39m[38;5;197mBBOX_REG_LOSS_TYPE[39m[38;5;15m:[39m[38;5;15m [39msmooth_l1
[38;5;15m    [39m[38;5;197mBBOX_REG_WEIGHTS[39m[38;5;15m:[39m[38;5;15m [39m[38;5;15m&id002[39m
[38;5;15m    [39m-[38;5;15m [39m1.0
[38;5;15m    [39m-[38;5;15m [39m1.0
[38;5;15m    [39m-[38;5;15m [39m1.0
[38;5;15m    [39m-[38;5;15m [39m1.0
[38;5;15m    [39m[38;5;197mFOCAL_LOSS_ALPHA[39m[38;5;15m:[39m[38;5;15m [39m0.25
[38;5;15m    [39m[38;5;197mFOCAL_LOSS_GAMMA[39m[38;5;15m:[39m[38;5;15m [39m2.0
[38;5;15m    [39m[38;5;197mIN_FEATURES[39m[38;5;15m:[39m
[38;5;15m    [39m-[38;5;15m [39mp3
[38;5;15m    [39m-[38;5;15m [39mp4
[38;5;15m    [39m-[38;5;15m [39mp5
[38;5;15m    [39m-[38;5;15m [39mp6
[38;5;15m    [39m-[38;5;15m [39mp7
[38;5;15m    [39m[38;5;197mIOU_LABELS[39m[38;5;15m:[39m
[38;5;15m    [39m-[38;5;15m [39m0
[38;5;15m    [39m-[38;5;15m [39m-1
[38;5;15m    [39m-[38;5;15m [39m1
[38;5;15m    [39m[38;5;197mIOU_THRESHOLDS[39m[38;5;15m:[39m
[38;5;15m    [39m-[38;5;15m [39m0.4
[38;5;15m    [39m-[38;5;15m [39m0.5
[38;5;15m    [39m[38;5;197mNMS_THRESH_TEST[39m[38;5;15m:[39m[38;5;15m [39m0.5
[38;5;15m    [39m[38;5;197mNORM[39m[38;5;15m:[39m[38;5;15m [39m[38;5;186m'[39m[38;5;186m'[39m
[38;5;15m    [39m[38;5;197mNUM_CLASSES[39m[38;5;15m:[39m[38;5;15m [39m80
[38;5;15m    [39m[38;5;197mNUM_CONVS[39m[38;5;15m:[39m[38;5;15m [39m4
[38;5;15m    [39m[38;5;197mPRIOR_PROB[39m[38;5;15m:[39m[38;5;15m [39m0.01
[38;5;15m    [39m[38;5;197mSCORE_THRESH_TEST[39m[38;5;15m:[39m[38;5;15m [39m0.05
[38;5;15m    [39m[38;5;197mSMOOTH_L1_LOSS_BETA[39m[38;5;15m:[39m[38;5;15m [39m0.1
[38;5;15m    [39m[38;5;197mTOPK_CANDIDATES_TEST[39m[38;5;15m:[39m[38;5;15m [39m1000
[38;5;15m  [39m[38;5;197mROI_BOX_CASCADE_HEAD[39m[38;5;15m:[39m
[38;5;15m    [39m[38;5;197mBBOX_REG_WEIGHTS[39m[38;5;15m:[39m
[38;5;15m    [39m-[38;5;15m [39m[38;5;15m&id001[39m
[38;5;15m      [39m-[38;5;15m [39m10.0
[38;5;15m      [39m-[38;5;15m [39m10.0
[38;5;15m      [39m-[38;5;15m [39m5.0
[38;5;15m      [39m-[38;5;15m [39m5.0
[38;5;15m    [39m-[38;5;15m [39m-[38;5;15m [39m20.0
[38;5;15m      [39m-[38;5;15m [39m20.0
[38;5;15m      [39m-[38;5;15m [39m10.0
[38;5;15m      [39m-[38;5;15m [39m10.0
[38;5;15m    [39m-[38;5;15m [39m-[38;5;15m [39m30.0
[38;5;15m      [39m-[38;5;15m [39m30.0
[38;5;15m      [39m-[38;5;15m [39m15.0
[38;5;15m      [39m-[38;5;15m [39m15.0
[38;5;15m    [39m[38;5;197mIOUS[39m[38;5;15m:[39m
[38;5;15m    [39m-[38;5;15m [39m0.5
[38;5;15m    [39m-[38;5;15m [39m0.6
[38;5;15m    [39m-[38;5;15m [39m0.7
[38;5;15m  [39m[38;5;197mROI_BOX_HEAD[39m[38;5;15m:[39m
[38;5;15m    [39m[38;5;197mBBOX_REG_LOSS_TYPE[39m[38;5;15m:[39m[38;5;15m [39msmooth_l1
[38;5;15m    [39m[38;5;197mBBOX_REG_LOSS_WEIGHT[39m[38;5;15m:[39m[38;5;15m [39m1.0
[38;5;15m    [39m[38;5;197mBBOX_REG_WEIGHTS[39m[38;5;15m:[39m[38;5;15m [39m[38;5;15m*id001[39m
[38;5;15m    [39m[38;5;197mCLS_AGNOSTIC_BBOX_REG[39m[38;5;15m:[39m[38;5;15m [39mfalse
[38;5;15m    [39m[38;5;197mCONV_DIM[39m[38;5;15m:[39m[38;5;15m [39m256
[38;5;15m    [39m[38;5;197mFC_DIM[39m[38;5;15m:[39m[38;5;15m [39m1024
[38;5;15m    [39m[38;5;197mFED_LOSS_FREQ_WEIGHT_POWER[39m[38;5;15m:[39m[38;5;15m [39m0.5
[38;5;15m    [39m[38;5;197mFED_LOSS_NUM_CLASSES[39m[38;5;15m:[39m[38;5;15m [39m50
[38;5;15m    [39m[38;5;197mNAME[39m[38;5;15m:[39m[38;5;15m [39m[38;5;186m'[39m[38;5;186m'[39m
[38;5;15m    [39m[38;5;197mNORM[39m[38;5;15m:[39m[38;5;15m [39m[38;5;186m'[39m[38;5;186m'[39m
[38;5;15m    [39m[38;5;197mNUM_CONV[39m[38;5;15m:[39m[38;5;15m [39m0
[38;5;15m    [39m[38;5;197mNUM_FC[39m[38;5;15m:[39m[38;5;15m [39m0
[38;5;15m    [39m[38;5;197mPOOLER_RESOLUTION[39m[38;5;15m:[39m[38;5;15m [39m14
[38;5;15m    [39m[38;5;197mPOOLER_SAMPLING_RATIO[39m[38;5;15m:[39m[38;5;15m [39m0
[38;5;15m    [39m[38;5;197mPOOLER_TYPE[39m[38;5;15m:[39m[38;5;15m [39mROIAlignV2
[38;5;15m    [39m[38;5;197mSMOOTH_L1_BETA[39m[38;5;15m:[39m[38;5;15m [39m0.0
[38;5;15m    [39m[38;5;197mTRAIN_ON_PRED_BOXES[39m[38;5;15m:[39m[38;5;15m [39mfalse
[38;5;15m    [39m[38;5;197mUSE_FED_LOSS[39m[38;5;15m:[39m[38;5;15m [39mfalse
[38;5;15m    [39m[38;5;197mUSE_SIGMOID_CE[39m[38;5;15m:[39m[38;5;15m [39mfalse
[38;5;15m  [39m[38;5;197mROI_HEADS[39m[38;5;15m:[39m
[38;5;15m    [39m[38;5;197mBATCH_SIZE_PER_IMAGE[39m[38;5;15m:[39m[38;5;15m [39m512
[38;5;15m    [39m[38;5;197mIN_FEATURES[39m[38;5;15m:[39m
[38;5;15m    [39m-[38;5;15m [39mres4
[38;5;15m    [39m[38;5;197mIOU_LABELS[39m[38;5;15m:[39m
[38;5;15m    [39m-[38;5;15m [39m0
[38;5;15m    [39m-[38;5;15m [39m1
[38;5;15m    [39m[38;5;197mIOU_THRESHOLDS[39m[38;5;15m:[39m
[38;5;15m    [39m-[38;5;15m [39m0.5
[38;5;15m    [39m[38;5;197mNAME[39m[38;5;15m:[39m[38;5;15m [39mRes5ROIHeads
[38;5;15m    [39m[38;5;197mNMS_THRESH_TEST[39m[38;5;15m:[39m[38;5;15m [39m0.5
[38;5;15m    [39m[38;5;197mNUM_CLASSES[39m[38;5;15m:[39m[38;5;15m [39m80
[38;5;15m    [39m[38;5;197mPOSITIVE_FRACTION[39m[38;5;15m:[39m[38;5;15m [39m0.25
[38;5;15m    [39m[38;5;197mPROPOSAL_APPEND_GT[39m[38;5;15m:[39m[38;5;15m [39mtrue
[38;5;15m    [39m[38;5;197mSCORE_THRESH_TEST[39m[38;5;15m:[39m[38;5;15m [39m0.05
[38;5;15m  [39m[38;5;197mROI_KEYPOINT_HEAD[39m[38;5;15m:[39m
[38;5;15m    [39m[38;5;197mCONV_DIMS[39m[38;5;15m:[39m
[38;5;15m    [39m-[38;5;15m [39m512
[38;5;15m    [39m-[38;5;15m [39m512
[38;5;15m    [39m-[38;5;15m [39m512
[38;5;15m    [39m-[38;5;15m [39m512
[38;5;15m    [39m-[38;5;15m [39m512
[38;5;15m    [39m-[38;5;15m [39m512
[38;5;15m    [39m-[38;5;15m [39m512
[38;5;15m    [39m-[38;5;15m [39m512
[38;5;15m    [39m[38;5;197mLOSS_WEIGHT[39m[38;5;15m:[39m[38;5;15m [39m1.0
[38;5;15m    [39m[38;5;197mMIN_KEYPOINTS_PER_IMAGE[39m[38;5;15m:[39m[38;5;15m [39m1
[38;5;15m    [39m[38;5;197mNAME[39m[38;5;15m:[39m[38;5;15m [39mKRCNNConvDeconvUpsampleHead
[38;5;15m    [39m[38;5;197mNORMALIZE_LOSS_BY_VISIBLE_KEYPOINTS[39m[38;5;15m:[39m[38;5;15m [39mtrue
[38;5;15m    [39m[38;5;197mNUM_KEYPOINTS[39m[38;5;15m:[39m[38;5;15m [39m17
[38;5;15m    [39m[38;5;197mPOOLER_RESOLUTION[39m[38;5;15m:[39m[38;5;15m [39m14
[38;5;15m    [39m[38;5;197mPOOLER_SAMPLING_RATIO[39m[38;5;15m:[39m[38;5;15m [39m0
[38;5;15m    [39m[38;5;197mPOOLER_TYPE[39m[38;5;15m:[39m[38;5;15m [39mROIAlignV2
[38;5;15m  [39m[38;5;197mROI_MASK_HEAD[39m[38;5;15m:[39m
[38;5;15m    [39m[38;5;197mCLS_AGNOSTIC_MASK[39m[38;5;15m:[39m[38;5;15m [39mfalse
[38;5;15m    [39m[38;5;197mCONV_DIM[39m[38;5;15m:[39m[38;5;15m [39m256
[38;5;15m    [39m[38;5;197mNAME[39m[38;5;15m:[39m[38;5;15m [39mMaskRCNNConvUpsampleHead
[38;5;15m    [39m[38;5;197mNORM[39m[38;5;15m:[39m[38;5;15m [39m[38;5;186m'[39m[38;5;186m'[39m
[38;5;15m    [39m[38;5;197mNUM_CONV[39m[38;5;15m:[39m[38;5;15m [39m0
[38;5;15m    [39m[38;5;197mPOOLER_RESOLUTION[39m[38;5;15m:[39m[38;5;15m [39m14
[38;5;15m    [39m[38;5;197mPOOLER_SAMPLING_RATIO[39m[38;5;15m:[39m[38;5;15m [39m0
[38;5;15m    [39m[38;5;197mPOOLER_TYPE[39m[38;5;15m:[39m[38;5;15m [39mROIAlignV2
[38;5;15m  [39m[38;5;197mRPN[39m[38;5;15m:[39m
[38;5;15m    [39m[38;5;197mBATCH_SIZE_PER_IMAGE[39m[38;5;15m:[39m[38;5;15m [39m256
[38;5;15m    [39m[38;5;197mBBOX_REG_LOSS_TYPE[39m[38;5;15m:[39m[38;5;15m [39msmooth_l1
[38;5;15m    [39m[38;5;197mBBOX_REG_LOSS_WEIGHT[39m[38;5;15m:[39m[38;5;15m [39m1.0
[38;5;15m    [39m[38;5;197mBBOX_REG_WEIGHTS[39m[38;5;15m:[39m[38;5;15m [39m[38;5;15m*id002[39m
[38;5;15m    [39m[38;5;197mBOUNDARY_THRESH[39m[38;5;15m:[39m[38;5;15m [39m-1
[38;5;15m    [39m[38;5;197mCONV_DIMS[39m[38;5;15m:[39m
[38;5;15m    [39m-[38;5;15m [39m-1
[38;5;15m    [39m[38;5;197mHEAD_NAME[39m[38;5;15m:[39m[38;5;15m [39mStandardRPNHead
[38;5;15m    [39m[38;5;197mIN_FEATURES[39m[38;5;15m:[39m
[38;5;15m    [39m-[38;5;15m [39mres4
[38;5;15m    [39m[38;5;197mIOU_LABELS[39m[38;5;15m:[39m
[38;5;15m    [39m-[38;5;15m [39m0
[38;5;15m    [39m-[38;5;15m [39m-1
[38;5;15m    [39m-[38;5;15m [39m1
[38;5;15m    [39m[38;5;197mIOU_THRESHOLDS[39m[38;5;15m:[39m
[38;5;15m    [39m-[38;5;15m [39m0.3
[38;5;15m    [39m-[38;5;15m [39m0.7
[38;5;15m    [39m[38;5;197mLOSS_WEIGHT[39m[38;5;15m:[39m[38;5;15m [39m1.0
[38;5;15m    [39m[38;5;197mNMS_THRESH[39m[38;5;15m:[39m[38;5;15m [39m0.7
[38;5;15m    [39m[38;5;197mPOSITIVE_FRACTION[39m[38;5;15m:[39m[38;5;15m [39m0.5
[38;5;15m    [39m[38;5;197mPOST_NMS_TOPK_TEST[39m[38;5;15m:[39m[38;5;15m [39m1000
[38;5;15m    [39m[38;5;197mPOST_NMS_TOPK_TRAIN[39m[38;5;15m:[39m[38;5;15m [39m2000
[38;5;15m    [39m[38;5;197mPRE_NMS_TOPK_TEST[39m[38;5;15m:[39m[38;5;15m [39m6000
[38;5;15m    [39m[38;5;197mPRE_NMS_TOPK_TRAIN[39m[38;5;15m:[39m[38;5;15m [39m12000
[38;5;15m    [39m[38;5;197mSMOOTH_L1_BETA[39m[38;5;15m:[39m[38;5;15m [39m0.0
[38;5;15m  [39m[38;5;197mSEM_SEG_HEAD[39m[38;5;15m:[39m
[38;5;15m    [39m[38;5;197mASPP_CHANNELS[39m[38;5;15m:[39m[38;5;15m [39m256
[38;5;15m    [39m[38;5;197mASPP_DILATIONS[39m[38;5;15m:[39m
[38;5;15m    [39m-[38;5;15m [39m6
[38;5;15m    [39m-[38;5;15m [39m12
[38;5;15m    [39m-[38;5;15m [39m18
[38;5;15m    [39m[38;5;197mASPP_DROPOUT[39m[38;5;15m:[39m[38;5;15m [39m0.1
[38;5;15m    [39m[38;5;197mCOMMON_STRIDE[39m[38;5;15m:[39m[38;5;15m [39m4
[38;5;15m    [39m[38;5;197mCONVS_DIM[39m[38;5;15m:[39m[38;5;15m [39m256
[38;5;15m    [39m[38;5;197mDEFORMABLE_TRANSFORMER_ENCODER_IN_FEATURES[39m[38;5;15m:[39m
[38;5;15m    [39m-[38;5;15m [39mres3
[38;5;15m    [39m-[38;5;15m [39mres4
[38;5;15m    [39m-[38;5;15m [39mres5
[38;5;15m    [39m[38;5;197mDEFORMABLE_TRANSFORMER_ENCODER_N_HEADS[39m[38;5;15m:[39m[38;5;15m [39m8
[38;5;15m    [39m[38;5;197mDEFORMABLE_TRANSFORMER_ENCODER_N_POINTS[39m[38;5;15m:[39m[38;5;15m [39m4
[38;5;15m    [39m[38;5;197mIGNORE_VALUE[39m[38;5;15m:[39m[38;5;15m [39m255
[38;5;15m    [39m[38;5;197mIN_FEATURES[39m[38;5;15m:[39m
[38;5;15m    [39m-[38;5;15m [39mres2
[38;5;15m    [39m-[38;5;15m [39mres3
[38;5;15m    [39m-[38;5;15m [39mres4
[38;5;15m    [39m-[38;5;15m [39mres5
[38;5;15m    [39m[38;5;197mLOSS_TYPE[39m[38;5;15m:[39m[38;5;15m [39mhard_pixel_mining
[38;5;15m    [39m[38;5;197mLOSS_WEIGHT[39m[38;5;15m:[39m[38;5;15m [39m1.0
[38;5;15m    [39m[38;5;197mMASK_DIM[39m[38;5;15m:[39m[38;5;15m [39m256
[38;5;15m    [39m[38;5;197mNAME[39m[38;5;15m:[39m[38;5;15m [39mMaskFormerHead
[38;5;15m    [39m[38;5;197mNORM[39m[38;5;15m:[39m[38;5;15m [39mGN
[38;5;15m    [39m[38;5;197mNUM_CLASSES[39m[38;5;15m:[39m[38;5;15m [39m19
[38;5;15m    [39m[38;5;197mPIXEL_DECODER_NAME[39m[38;5;15m:[39m[38;5;15m [39mMSDeformAttnPixelDecoder
[38;5;15m    [39m[38;5;197mPROJECT_CHANNELS[39m[38;5;15m:[39m
[38;5;15m    [39m-[38;5;15m [39m48
[38;5;15m    [39m[38;5;197mPROJECT_FEATURES[39m[38;5;15m:[39m
[38;5;15m    [39m-[38;5;15m [39mres2
[38;5;15m    [39m[38;5;197mTRANSFORMER_ENC_LAYERS[39m[38;5;15m:[39m[38;5;15m [39m6
[38;5;15m    [39m[38;5;197mUSE_DEPTHWISE_SEPARABLE_CONV[39m[38;5;15m:[39m[38;5;15m [39mfalse
[38;5;15m  [39m[38;5;197mSWIN[39m[38;5;15m:[39m
[38;5;15m    [39m[38;5;197mAPE[39m[38;5;15m:[39m[38;5;15m [39mfalse
[38;5;15m    [39m[38;5;197mATTN_DROP_RATE[39m[38;5;15m:[39m[38;5;15m [39m0.0
[38;5;15m    [39m[38;5;197mDEPTHS[39m[38;5;15m:[39m
[38;5;15m    [39m-[38;5;15m [39m2
[38;5;15m    [39m-[38;5;15m [39m2
[38;5;15m    [39m-[38;5;15m [39m6
[38;5;15m    [39m-[38;5;15m [39m2
[38;5;15m    [39m[38;5;197mDROP_PATH_RATE[39m[38;5;15m:[39m[38;5;15m [39m0.3
[38;5;15m    [39m[38;5;197mDROP_RATE[39m[38;5;15m:[39m[38;5;15m [39m0.0
[38;5;15m    [39m[38;5;197mEMBED_DIM[39m[38;5;15m:[39m[38;5;15m [39m96
[38;5;15m    [39m[38;5;197mMLP_RATIO[39m[38;5;15m:[39m[38;5;15m [39m4.0
[38;5;15m    [39m[38;5;197mNUM_HEADS[39m[38;5;15m:[39m
[38;5;15m    [39m-[38;5;15m [39m3
[38;5;15m    [39m-[38;5;15m [39m6
[38;5;15m    [39m-[38;5;15m [39m12
[38;5;15m    [39m-[38;5;15m [39m24
[38;5;15m    [39m[38;5;197mOUT_FEATURES[39m[38;5;15m:[39m
[38;5;15m    [39m-[38;5;15m [39mres2
[38;5;15m    [39m-[38;5;15m [39mres3
[38;5;15m    [39m-[38;5;15m [39mres4
[38;5;15m    [39m-[38;5;15m [39mres5
[38;5;15m    [39m[38;5;197mPATCH_NORM[39m[38;5;15m:[39m[38;5;15m [39mtrue
[38;5;15m    [39m[38;5;197mPATCH_SIZE[39m[38;5;15m:[39m[38;5;15m [39m4
[38;5;15m    [39m[38;5;197mPRETRAIN_IMG_SIZE[39m[38;5;15m:[39m[38;5;15m [39m224
[38;5;15m    [39m[38;5;197mQKV_BIAS[39m[38;5;15m:[39m[38;5;15m [39mtrue
[38;5;15m    [39m[38;5;197mQK_SCALE[39m[38;5;15m:[39m[38;5;15m [39mnull
[38;5;15m    [39m[38;5;197mUSE_CHECKPOINT[39m[38;5;15m:[39m[38;5;15m [39mfalse
[38;5;15m    [39m[38;5;197mWINDOW_SIZE[39m[38;5;15m:[39m[38;5;15m [39m7
[38;5;15m  [39m[38;5;197mWEIGHTS[39m[38;5;15m:[39m[38;5;15m [39moutput/model_0004999.pth
[38;5;197mOUTPUT_DIR[39m[38;5;15m:[39m[38;5;15m [39m./output
[38;5;197mSEED[39m[38;5;15m:[39m[38;5;15m [39m-1
[38;5;197mSOLVER[39m[38;5;15m:[39m
[38;5;15m  [39m[38;5;197mAMP[39m[38;5;15m:[39m
[38;5;15m    [39m[38;5;197mENABLED[39m[38;5;15m:[39m[38;5;15m [39mtrue
[38;5;15m  [39m[38;5;197mBACKBONE_MULTIPLIER[39m[38;5;15m:[39m[38;5;15m [39m0.1
[38;5;15m  [39m[38;5;197mBASE_LR[39m[38;5;15m:[39m[38;5;15m [39m0.0001
[38;5;15m  [39m[38;5;197mBASE_LR_END[39m[38;5;15m:[39m[38;5;15m [39m0.0
[38;5;15m  [39m[38;5;197mBIAS_LR_FACTOR[39m[38;5;15m:[39m[38;5;15m [39m1.0
[38;5;15m  [39m[38;5;197mCHECKPOINT_PERIOD[39m[38;5;15m:[39m[38;5;15m [39m5000
[38;5;15m  [39m[38;5;197mCLIP_GRADIENTS[39m[38;5;15m:[39m
[38;5;15m    [39m[38;5;197mCLIP_TYPE[39m[38;5;15m:[39m[38;5;15m [39mfull_model
[38;5;15m    [39m[38;5;197mCLIP_VALUE[39m[38;5;15m:[39m[38;5;15m [39m0.01
[38;5;15m    [39m[38;5;197mENABLED[39m[38;5;15m:[39m[38;5;15m [39mtrue
[38;5;15m    [39m[38;5;197mNORM_TYPE[39m[38;5;15m:[39m[38;5;15m [39m2.0
[38;5;15m  [39m[38;5;197mGAMMA[39m[38;5;15m:[39m[38;5;15m [39m0.1
[38;5;15m  [39m[38;5;197mIMS_PER_BATCH[39m[38;5;15m:[39m[38;5;15m [39m24
[38;5;15m  [39m[38;5;197mLR_SCHEDULER_NAME[39m[38;5;15m:[39m[38;5;15m [39mWarmupPolyLR
[38;5;15m  [39m[38;5;197mMAX_ITER[39m[38;5;15m:[39m[38;5;15m [39m10000
[38;5;15m  [39m[38;5;197mMOMENTUM[39m[38;5;15m:[39m[38;5;15m [39m0.9
[38;5;15m  [39m[38;5;197mNESTEROV[39m[38;5;15m:[39m[38;5;15m [39mfalse
[38;5;15m  [39m[38;5;197mNUM_DECAYS[39m[38;5;15m:[39m[38;5;15m [39m3
[38;5;15m  [39m[38;5;197mOPTIMIZER[39m[38;5;15m:[39m[38;5;15m [39mADAMW
[38;5;15m  [39m[38;5;197mPOLY_LR_CONSTANT_ENDING[39m[38;5;15m:[39m[38;5;15m [39m0.0
[38;5;15m  [39m[38;5;197mPOLY_LR_POWER[39m[38;5;15m:[39m[38;5;15m [39m0.9
[38;5;15m  [39m[38;5;197mREFERENCE_WORLD_SIZE[39m[38;5;15m:[39m[38;5;15m [39m0
[38;5;15m  [39m[38;5;197mRESCALE_INTERVAL[39m[38;5;15m:[39m[38;5;15m [39mfalse
[38;5;15m  [39m[38;5;197mSTEPS[39m[38;5;15m:[39m
[38;5;15m  [39m-[38;5;15m [39m30000
[38;5;15m  [39m[38;5;197mWARMUP_FACTOR[39m[38;5;15m:[39m[38;5;15m [39m1.0
[38;5;15m  [39m[38;5;197mWARMUP_ITERS[39m[38;5;15m:[39m[38;5;15m [39m0
[38;5;15m  [39m[38;5;197mWARMUP_METHOD[39m[38;5;15m:[39m[38;5;15m [39mlinear
[38;5;15m  [39m[38;5;197mWEIGHT_DECAY[39m[38;5;15m:[39m[38;5;15m [39m0.05
[38;5;15m  [39m[38;5;197mWEIGHT_DECAY_BIAS[39m[38;5;15m:[39m[38;5;15m [39mnull
[38;5;15m  [39m[38;5;197mWEIGHT_DECAY_EMBED[39m[38;5;15m:[39m[38;5;15m [39m0.0
[38;5;15m  [39m[38;5;197mWEIGHT_DECAY_NORM[39m[38;5;15m:[39m[38;5;15m [39m0.0
[38;5;197mTEST[39m[38;5;15m:[39m
[38;5;15m  [39m[38;5;197mAUG[39m[38;5;15m:[39m
[38;5;15m    [39m[38;5;197mENABLED[39m[38;5;15m:[39m[38;5;15m [39mfalse
[38;5;15m    [39m[38;5;197mFLIP[39m[38;5;15m:[39m[38;5;15m [39mtrue
[38;5;15m    [39m[38;5;197mMAX_SIZE[39m[38;5;15m:[39m[38;5;15m [39m4096
[38;5;15m    [39m[38;5;197mMIN_SIZES[39m[38;5;15m:[39m
[38;5;15m    [39m-[38;5;15m [39m512
[38;5;15m    [39m-[38;5;15m [39m768
[38;5;15m    [39m-[38;5;15m [39m1024
[38;5;15m    [39m-[38;5;15m [39m1280
[38;5;15m    [39m-[38;5;15m [39m1536
[38;5;15m    [39m-[38;5;15m [39m1792
[38;5;15m  [39m[38;5;197mDETECTIONS_PER_IMAGE[39m[38;5;15m:[39m[38;5;15m [39m100
[38;5;15m  [39m[38;5;197mEVAL_PERIOD[39m[38;5;15m:[39m[38;5;15m [39m5000
[38;5;15m  [39m[38;5;197mEXPECTED_RESULTS[39m[38;5;15m:[39m[38;5;15m [39m[]
[38;5;15m  [39m[38;5;197mKEYPOINT_OKS_SIGMAS[39m[38;5;15m:[39m[38;5;15m [39m[]
[38;5;15m  [39m[38;5;197mPRECISE_BN[39m[38;5;15m:[39m
[38;5;15m    [39m[38;5;197mENABLED[39m[38;5;15m:[39m[38;5;15m [39mfalse
[38;5;15m    [39m[38;5;197mNUM_ITER[39m[38;5;15m:[39m[38;5;15m [39m200
[38;5;197mVERSION[39m[38;5;15m:[39m[38;5;15m [39m2
[38;5;197mVIS_PERIOD[39m[38;5;15m:[39m[38;5;15m [39m0

[02/28 02:10:16 detectron2]: Full config saved to ./output/config.yaml
[02/28 02:10:16 d2.utils.env]: Using a generated random seed 17032919
Traceback (most recent call last):
  File "train_net.py", line 321, in <module>
    launch(
  File "/cpfs01/projects-HDD/pujianxiangmuzu_HDD/mr_22210240239/detectron2/detectron2/engine/launch.py", line 84, in launch
    main_func(*args)
  File "train_net.py", line 313, in main
    trainer = Trainer(cfg)
  File "/cpfs01/projects-HDD/pujianxiangmuzu_HDD/mr_22210240239/detectron2/detectron2/engine/defaults.py", line 378, in __init__
    model = self.build_model(cfg)
  File "/cpfs01/projects-HDD/pujianxiangmuzu_HDD/mr_22210240239/detectron2/detectron2/engine/defaults.py", line 516, in build_model
    model = build_model(cfg)
  File "/cpfs01/projects-HDD/pujianxiangmuzu_HDD/mr_22210240239/detectron2/detectron2/modeling/meta_arch/build.py", line 23, in build_model
    model.to(torch.device(cfg.MODEL.DEVICE))
  File "/usr/local/lib/python3.8/dist-packages/torch/nn/modules/module.py", line 1145, in to
    return self._apply(convert)
  File "/usr/local/lib/python3.8/dist-packages/torch/nn/modules/module.py", line 797, in _apply
    module._apply(fn)
  File "/usr/local/lib/python3.8/dist-packages/torch/nn/modules/module.py", line 797, in _apply
    module._apply(fn)
  File "/usr/local/lib/python3.8/dist-packages/torch/nn/modules/module.py", line 797, in _apply
    module._apply(fn)
  [Previous line repeated 1 more time]
  File "/usr/local/lib/python3.8/dist-packages/torch/nn/modules/module.py", line 820, in _apply
    param_applied = fn(param)
  File "/usr/local/lib/python3.8/dist-packages/torch/nn/modules/module.py", line 1143, in convert
    return t.to(device, dtype if t.is_floating_point() or t.is_complex() else None, non_blocking)
KeyboardInterrupt
